[    0.000000] Initializing cgroup subsys cpuset
[    0.000000] Initializing cgroup subsys cpu
[    0.000000] Initializing cgroup subsys cpuacct
[    0.000000] Linux version 4.4.0-112-generic (buildd@lgw01-amd64-010) (gcc version 5.4.0 20160609 (Ubuntu 5.4.0-6ubuntu1~16.04.5) ) #135-Ubuntu SMP Fri Jan 19 11:48:36 UTC 2018 (Ubuntu 4.4.0-112.135-generic 4.4.98)
[    0.000000] Command line: BOOT_IMAGE=/boot/vmlinuz-4.4.0-112-generic root=UUID=676eac73-81dc-4fbd-bdea-aebcbe447240 ro console=tty1 console=ttyS0
[    0.000000] KERNEL supported cpus:
[    0.000000]   Intel GenuineIntel
[    0.000000]   AMD AuthenticAMD
[    0.000000]   Centaur CentaurHauls
[    0.000000] ------------[ cut here ]------------
[    0.000000] WARNING: CPU: 0 PID: 0 at /build/linux-HSAA8v/linux-4.4.0/arch/x86/kernel/fpu/xstate.c:517 fpu__init_system_xstate+0x38b/0x75a()
[    0.000000] XSAVE consistency problem, dumping leaves
[    0.000000] Modules linked in:
[    0.000000] CPU: 0 PID: 0 Comm: swapper Not tainted 4.4.0-112-generic #135-Ubuntu
[    0.000000]  0000000000000086 a415ebe3b51d3a62 ffffffff81e03d80 ffffffff813fc233
[    0.000000]  ffffffff81e03dc8 ffffffff81cab100 ffffffff81e03db8 ffffffff81081f82
[    0.000000]  ffffffff81e03e48 ffffffff81e03e4c 0000000000000008 0000000000000100
[    0.000000] Call Trace:
[    0.000000]  [<ffffffff813fc233>] dump_stack+0x63/0x90
[    0.000000]  [<ffffffff81081f82>] warn_slowpath_common+0x82/0xc0
[    0.000000]  [<ffffffff8108201c>] warn_slowpath_fmt+0x5c/0x80
[    0.000000]  [<ffffffff8107dc20>] ? xfeature_size+0x59/0x77
[    0.000000]  [<ffffffff81f72275>] fpu__init_system_xstate+0x38b/0x75a
[    0.000000]  [<ffffffff81f62120>] ? early_idt_handler_array+0x120/0x120
[    0.000000]  [<ffffffff81f71be0>] fpu__init_system+0x10d/0x245
[    0.000000]  [<ffffffff81f72ce9>] early_cpu_init+0x139/0x13e
[    0.000000]  [<ffffffff81f72ce9>] ? early_cpu_init+0x139/0x13e
[    0.000000]  [<ffffffff81f6e19b>] setup_arch+0xb4/0xcfb
[    0.000000]  [<ffffffff81f62120>] ? early_idt_handler_array+0x120/0x120
[    0.000000]  [<ffffffff81f62c74>] start_kernel+0xe4/0x4a7
[    0.000000]  [<ffffffff81f62120>] ? early_idt_handler_array+0x120/0x120
[    0.000000]  [<ffffffff81f62339>] x86_64_start_reservations+0x2a/0x2c
[    0.000000]  [<ffffffff81f62485>] x86_64_start_kernel+0x14a/0x16d
[    0.000000] ---[ end trace 4d5ff9f2f68c4233 ]---
[    0.000000] CPUID[0d, 00]: eax=00000007 ebx=00000440 ecx=00000440 edx=00000000
[    0.000000] CPUID[0d, 01]: eax=00000000 ebx=000003c0 ecx=00000000 edx=00000000
[    0.000000] CPUID[0d, 02]: eax=00000100 ebx=00000240 ecx=00000000 edx=00000000
[    0.000000] CPUID[0d, 03]: eax=00000000 ebx=00000000 ecx=00000000 edx=00000000
[    0.000000] CPUID[0d, 04]: eax=00000000 ebx=00000000 ecx=00000000 edx=00000000
[    0.000000] CPUID[0d, 05]: eax=00000000 ebx=00000000 ecx=00000000 edx=00000000
[    0.000000] CPUID[0d, 06]: eax=00000000 ebx=00000000 ecx=00000000 edx=00000000
[    0.000000] CPUID[0d, 07]: eax=00000000 ebx=00000000 ecx=00000000 edx=00000000
[    0.000000] CPUID[0d, 08]: eax=00000000 ebx=00000000 ecx=00000000 edx=00000000
[    0.000000] CPUID[0d, 09]: eax=00000000 ebx=00000000 ecx=00000000 edx=00000000
[    0.000000] CPUID[0d, 0a]: eax=00000000 ebx=00000000 ecx=00000000 edx=00000000
[    0.000000] CPUID[0d, 0b]: eax=00000000 ebx=00000000 ecx=00000000 edx=00000000
[    0.000000] CPUID[0d, 0c]: eax=00000000 ebx=00000000 ecx=00000000 edx=00000000
[    0.000000] CPUID[0d, 0d]: eax=00000000 ebx=00000000 ecx=00000000 edx=00000000
[    0.000000] CPUID[0d, 0e]: eax=00000000 ebx=00000000 ecx=00000000 edx=00000000
[    0.000000] CPUID[0d, 0f]: eax=00000000 ebx=00000000 ecx=00000000 edx=00000000
[    0.000000] CPUID[0d, 10]: eax=00000000 ebx=00000000 ecx=00000000 edx=00000000
[    0.000000] CPUID[0d, 11]: eax=00000000 ebx=00000000 ecx=00000000 edx=00000000
[    0.000000] x86/fpu: xstate_offset[2]:  576, xstate_sizes[2]:  256
[    0.000000] x86/fpu: Supporting XSAVE feature 0x01: 'x87 floating point registers'
[    0.000000] x86/fpu: Supporting XSAVE feature 0x02: 'SSE registers'
[    0.000000] x86/fpu: Supporting XSAVE feature 0x04: 'AVX registers'
[    0.000000] x86/fpu: Enabled xstate features 0x7, context size is 1088 bytes, using 'standard' format.
[    0.000000] x86/fpu: Using 'lazy' FPU context switches.
[    0.000000] e820: BIOS-provided physical RAM map:
[    0.000000] BIOS-e820: [mem 0x0000000000000000-0x000000000009fbff] usable
[    0.000000] BIOS-e820: [mem 0x000000000009fc00-0x000000000009ffff] reserved
[    0.000000] BIOS-e820: [mem 0x00000000000f0000-0x00000000000fffff] reserved
[    0.000000] BIOS-e820: [mem 0x0000000000100000-0x000000003ffeffff] usable
[    0.000000] BIOS-e820: [mem 0x000000003fff0000-0x000000003fffffff] ACPI data
[    0.000000] BIOS-e820: [mem 0x00000000fec00000-0x00000000fec00fff] reserved
[    0.000000] BIOS-e820: [mem 0x00000000fee00000-0x00000000fee00fff] reserved
[    0.000000] BIOS-e820: [mem 0x00000000fffc0000-0x00000000ffffffff] reserved
[    0.000000] NX (Execute Disable) protection: active
[    0.000000] SMBIOS 2.5 present.
[    0.000000] Hypervisor detected: KVM
[    0.000000] e820: last_pfn = 0x3fff0 max_arch_pfn = 0x400000000
[    0.000000] MTRR: Disabled
[    0.000000] x86/PAT: MTRRs disabled, skipping PAT initialization too.
[    0.000000] CPU MTRRs all blank - virtualized system.
[    0.000000] x86/PAT: Configuration [0-7]: WB  WT  UC- UC  WB  WT  UC- UC  
[    0.000000] found SMP MP-table at [mem 0x0009fff0-0x0009ffff] mapped at [ffff88000009fff0]
[    0.000000] Scanning 1 areas for low memory corruption
[    0.000000] RAMDISK: [mem 0x36232000-0x37110fff]
[    0.000000] ACPI: Early table checksum verification disabled
[    0.000000] ACPI: RSDP 0x00000000000E0000 000024 (v02 VBOX  )
[    0.000000] ACPI: XSDT 0x000000003FFF0030 00003C (v01 VBOX   VBOXXSDT 00000001 ASL  00000061)
[    0.000000] ACPI: FACP 0x000000003FFF00F0 0000F4 (v04 VBOX   VBOXFACP 00000001 ASL  00000061)
[    0.000000] ACPI: DSDT 0x000000003FFF0470 0021FF (v02 VBOX   VBOXBIOS 00000002 INTL 20160108)
[    0.000000] ACPI: FACS 0x000000003FFF0200 000040
[    0.000000] ACPI: FACS 0x000000003FFF0200 000040
[    0.000000] ACPI: APIC 0x000000003FFF0240 00005C (v02 VBOX   VBOXAPIC 00000001 ASL  00000061)
[    0.000000] ACPI: SSDT 0x000000003FFF02A0 0001CC (v01 VBOX   VBOXCPUT 00000002 INTL 20160108)
[    0.000000] No NUMA configuration found
[    0.000000] Faking a node at [mem 0x0000000000000000-0x000000003ffeffff]
[    0.000000] NODE_DATA(0) allocated [mem 0x3ffeb000-0x3ffeffff]
[    0.000000] kvm-clock: Using msrs 4b564d01 and 4b564d00
[    0.000000] kvm-clock: cpu 0, msr 0:3ffe3001, primary cpu clock
[    0.000000] kvm-clock: using sched offset of 3443077476 cycles
[    0.000000] clocksource: kvm-clock: mask: 0xffffffffffffffff max_cycles: 0x1cd42e4dffb, max_idle_ns: 881590591483 ns
[    0.000000] Zone ranges:
[    0.000000]   DMA      [mem 0x0000000000001000-0x0000000000ffffff]
[    0.000000]   DMA32    [mem 0x0000000001000000-0x000000003ffeffff]
[    0.000000]   Normal   empty
[    0.000000]   Device   empty
[    0.000000] Movable zone start for each node
[    0.000000] Early memory node ranges
[    0.000000]   node   0: [mem 0x0000000000001000-0x000000000009efff]
[    0.000000]   node   0: [mem 0x0000000000100000-0x000000003ffeffff]
[    0.000000] Initmem setup node 0 [mem 0x0000000000001000-0x000000003ffeffff]
[    0.000000] ACPI: PM-Timer IO Port: 0x4008
[    0.000000] IOAPIC[0]: apic_id 2, version 32, address 0xfec00000, GSI 0-23
[    0.000000] ACPI: INT_SRC_OVR (bus 0 bus_irq 0 global_irq 2 dfl dfl)
[    0.000000] ACPI: INT_SRC_OVR (bus 0 bus_irq 9 global_irq 9 high level)
[    0.000000] Using ACPI (MADT) for SMP configuration information
[    0.000000] smpboot: Allowing 2 CPUs, 0 hotplug CPUs
[    0.000000] PM: Registered nosave memory: [mem 0x00000000-0x00000fff]
[    0.000000] PM: Registered nosave memory: [mem 0x0009f000-0x0009ffff]
[    0.000000] PM: Registered nosave memory: [mem 0x000a0000-0x000effff]
[    0.000000] PM: Registered nosave memory: [mem 0x000f0000-0x000fffff]
[    0.000000] e820: [mem 0x40000000-0xfebfffff] available for PCI devices
[    0.000000] Booting paravirtualized kernel on KVM
[    0.000000] clocksource: refined-jiffies: mask: 0xffffffff max_cycles: 0xffffffff, max_idle_ns: 7645519600211568 ns
[    0.000000] setup_percpu: NR_CPUS:512 nr_cpumask_bits:512 nr_cpu_ids:2 nr_node_ids:1
[    0.000000] PERCPU: Embedded 34 pages/cpu @ffff88003fc00000 s99544 r8192 d31528 u1048576
[    0.000000] PV qspinlock hash table entries: 256 (order: 0, 4096 bytes)
[    0.000000] Built 1 zonelists in Node order, mobility grouping on.  Total pages: 257913
[    0.000000] Policy zone: DMA32
[    0.000000] Kernel command line: BOOT_IMAGE=/boot/vmlinuz-4.4.0-112-generic root=UUID=676eac73-81dc-4fbd-bdea-aebcbe447240 ro console=tty1 console=ttyS0
[    0.000000] PID hash table entries: 4096 (order: 3, 32768 bytes)
[    0.000000] Memory: 997304K/1048120K available (8499K kernel code, 1309K rwdata, 3988K rodata, 1508K init, 1316K bss, 50816K reserved, 0K cma-reserved)
[    0.000000] SLUB: HWalign=64, Order=0-3, MinObjects=0, CPUs=2, Nodes=1
[    0.000000] Kernel/User page tables isolation: enabled
[    0.000000] Hierarchical RCU implementation.
[    0.000000] 	Build-time adjustment of leaf fanout to 64.
[    0.000000] 	RCU restricting CPUs from NR_CPUS=512 to nr_cpu_ids=2.
[    0.000000] RCU: Adjusting geometry for rcu_fanout_leaf=64, nr_cpu_ids=2
[    0.000000] NR_IRQS:33024 nr_irqs:440 16
[    0.000000] Console: colour VGA+ 80x25
[    0.000000] console [tty1] enabled
[    0.000000] console [ttyS0] enabled
[    0.000000] tsc: Detected 2303.998 MHz processor
[    3.106723] Calibrating delay loop (skipped) preset value.. 4607.99 BogoMIPS (lpj=9215992)
[    3.110361] pid_max: default: 32768 minimum: 301
[    3.112299] ACPI: Core revision 20150930
[    3.115824] ACPI: 2 ACPI AML tables successfully acquired and loaded
[    3.118781] Security Framework initialized
[    3.120607] Yama: becoming mindful.
[    3.122341] AppArmor: AppArmor initialized
[    3.124211] Dentry cache hash table entries: 131072 (order: 8, 1048576 bytes)
[    3.130156] Inode-cache hash table entries: 65536 (order: 7, 524288 bytes)
[    3.132891] Mount-cache hash table entries: 2048 (order: 2, 16384 bytes)
[    3.135477] Mountpoint-cache hash table entries: 2048 (order: 2, 16384 bytes)
[    3.138382] Initializing cgroup subsys io
[    3.140103] Initializing cgroup subsys memory
[    3.141899] Initializing cgroup subsys devices
[    3.143768] Initializing cgroup subsys freezer
[    3.145809] Initializing cgroup subsys net_cls
[    3.148044] Initializing cgroup subsys perf_event
[    3.150228] Initializing cgroup subsys net_prio
[    3.152322] Initializing cgroup subsys hugetlb
[    3.154312] Initializing cgroup subsys pids
[    3.156221] CPU: Physical Processor ID: 0
[    3.157912] CPU: Processor Core ID: 0
[    3.159456] FEATURE SPEC_CTRL Not Present
[    3.162871] mce: CPU supports 0 MCE banks
[    3.164758] Last level iTLB entries: 4KB 64, 2MB 8, 4MB 8
[    3.167039] Last level dTLB entries: 4KB 64, 2MB 0, 4MB 0, 1GB 4
[    3.189633] Freeing SMP alternatives memory: 32K
[    3.206022] ftrace: allocating 32180 entries in 126 pages
[    3.270169] smpboot: APIC(0) Converting physical 0 to logical package 0
[    3.386624] smpboot: Max logical packages: 1
[    3.449835] x2apic enabled
[    3.454539] Switched APIC routing to physical x2apic.
[    3.471259] ..TIMER: vector=0x30 apic1=0 pin1=2 apic2=-1 pin2=-1
[    3.625898] smpboot: CPU0: Intel(R) Core(TM) i3-6100U CPU @ 2.30GHz (family: 0x6, model: 0x4e, stepping: 0x3)
[    3.662525] Performance Events: unsupported p6 CPU model 78 no PMU driver, software events only.
[    3.670281] KVM setup paravirtual spinlock
[    3.677963] x86: Booting SMP configuration:
[    3.683408] .... node  #0, CPUs:      #1
[    3.690587] kvm-clock: cpu 1, msr 0:3ffe3041, secondary cpu clock
[    3.693785] mce: CPU supports 0 MCE banks
[    3.697000] x86: Booted up 1 node, 2 CPUs
[    3.703939] smpboot: Total of 2 processors activated (9215.99 BogoMIPS)
[    3.708882] devtmpfs: initialized
[    3.717898] evm: security.selinux
[    3.726528] evm: security.SMACK64
[    3.737017] evm: security.SMACK64EXEC
[    3.738762] evm: security.SMACK64TRANSMUTE
[    3.742396] evm: security.SMACK64MMAP
[    3.744056] evm: security.ima
[    3.745537] evm: security.capability
[    3.754900] clocksource: jiffies: mask: 0xffffffff max_cycles: 0xffffffff, max_idle_ns: 7645041785100000 ns
[    3.759222] futex hash table entries: 512 (order: 3, 32768 bytes)
[    3.765714] pinctrl core: initialized pinctrl subsystem
[    3.780644] RTC time: 19:35:08, date: 02/08/18
[    3.788145] NET: Registered protocol family 16
[    3.802516] cpuidle: using governor ladder
[    3.825861] cpuidle: using governor menu
[    3.843183] PCCT header not found.
[    3.871868] ACPI: bus type PCI registered
[    3.874193] acpiphp: ACPI Hot Plug PCI Controller Driver version: 0.5
[    3.882105] PCI: Using configuration type 1 for base access
[    3.899796] ACPI: Added _OSI(Module Device)
[    3.904211] ACPI: Added _OSI(Processor Device)
[    3.906321] ACPI: Added _OSI(3.0 _SCP Extensions)
[    3.908399] ACPI: Added _OSI(Processor Aggregator Device)
[    3.911808] ACPI: Executed 1 blocks of module-level executable AML code
[    3.918366] ACPI: Interpreter enabled
[    3.920124] ACPI: (supports S0 S5)
[    3.922016] ACPI: Using IOAPIC for interrupt routing
[    3.924361] PCI: Using host bridge windows from ACPI; if necessary, use "pci=nocrs" and report a bug
[    3.935717] ACPI: PCI Root Bridge [PCI0] (domain 0000 [bus 00-ff])
[    3.938330] acpi PNP0A03:00: _OSC: OS supports [ASPM ClockPM Segments MSI]
[    3.940970] acpi PNP0A03:00: _OSC: not requesting OS control; OS requires [ExtendedConfig ASPM ClockPM MSI]
[    3.944927] acpi PNP0A03:00: fail to add MMCONFIG information, can't access extended PCI configuration space under this bridge.
[    3.949951] PCI host bridge to bus 0000:00
[    3.951748] pci_bus 0000:00: root bus resource [io  0x0000-0x0cf7 window]
[    3.954406] pci_bus 0000:00: root bus resource [io  0x0d00-0xffff window]
[    3.956934] pci_bus 0000:00: root bus resource [mem 0x000a0000-0x000bffff window]
[    3.960202] pci_bus 0000:00: root bus resource [mem 0x40000000-0xffdfffff window]
[    3.963447] pci_bus 0000:00: root bus resource [bus 00-ff]
[    3.968077] pci 0000:00:01.1: legacy IDE quirk: reg 0x10: [io  0x01f0-0x01f7]
[    3.971094] pci 0000:00:01.1: legacy IDE quirk: reg 0x14: [io  0x03f6]
[    3.973764] pci 0000:00:01.1: legacy IDE quirk: reg 0x18: [io  0x0170-0x0177]
[    3.976598] pci 0000:00:01.1: legacy IDE quirk: reg 0x1c: [io  0x0376]
[    4.007649] pci 0000:00:07.0: quirk: [io  0x4000-0x403f] claimed by PIIX4 ACPI
[    4.011015] pci 0000:00:07.0: quirk: [io  0x4100-0x410f] claimed by PIIX4 SMB
[    4.029840] ACPI: PCI Interrupt Link [LNKA] (IRQs 5 9 10 *11)
[    4.033471] ACPI: PCI Interrupt Link [LNKB] (IRQs 5 9 10 *11)
[    4.037774] ACPI: PCI Interrupt Link [LNKC] (IRQs 5 9 *10 11)
[    4.045803] ACPI: PCI Interrupt Link [LNKD] (IRQs 5 *9 10 11)
[    4.073452] ACPI: Enabled 2 GPEs in block 00 to 07
[    4.085790] vgaarb: setting as boot device: PCI:0000:00:02.0
[    4.089659] vgaarb: device added: PCI:0000:00:02.0,decodes=io+mem,owns=io+mem,locks=none
[    4.122365] vgaarb: loaded
[    4.169455] vgaarb: bridge control possible 0000:00:02.0
[    4.171342] SCSI subsystem initialized
[    4.191228] ACPI: bus type USB registered
[    4.238162] usbcore: registered new interface driver usbfs
[    4.282553] usbcore: registered new interface driver hub
[    4.291837] usbcore: registered new device driver usb
[    4.308436] PCI: Using ACPI for IRQ routing
[    4.360334] NetLabel: Initializing
[    4.420217] NetLabel:  domain hash size = 128
[    4.483887] NetLabel:  protocols = UNLABELED CIPSOv4
[    4.488172] NetLabel:  unlabeled traffic allowed by default
[    4.508557] amd_nb: Cannot enumerate AMD northbridges
[    4.523647] clocksource: Switched to clocksource kvm-clock
[    4.565807] AppArmor: AppArmor Filesystem Enabled
[    4.610039] pnp: PnP ACPI init
[    4.617699] pnp: PnP ACPI: found 3 devices
[    4.635270] clocksource: acpi_pm: mask: 0xffffff max_cycles: 0xffffff, max_idle_ns: 2085701024 ns
[    4.638980] NET: Registered protocol family 2
[    4.643513] TCP established hash table entries: 8192 (order: 4, 65536 bytes)
[    4.679673] TCP bind hash table entries: 8192 (order: 5, 131072 bytes)
[    4.705363] TCP: Hash tables configured (established 8192 bind 8192)
[    4.710694] UDP hash table entries: 512 (order: 2, 16384 bytes)
[    4.715625] UDP-Lite hash table entries: 512 (order: 2, 16384 bytes)
[    4.721418] NET: Registered protocol family 1
[    4.726052] pci 0000:00:00.0: Limiting direct PCI/PCI transfers
[    4.731411] pci 0000:00:01.0: Activating ISA DMA hang workarounds
[    4.736677] Unpacking initramfs...
[    5.106850] Freeing initrd memory: 15228K
[    5.124418] platform rtc_cmos: registered platform RTC device (no PNP device found)
[    5.131215] Scanning for low memory corruption every 60 seconds
[    5.140999] audit: initializing netlink subsys (disabled)
[    5.148618] audit: type=2000 audit(1518118510.466:1): initialized
[    5.157780] Initialise system trusted keyring
[    5.167658] HugeTLB registered 2 MB page size, pre-allocated 0 pages
[    5.183352] zbud: loaded
[    5.212777] VFS: Disk quotas dquot_6.6.0
[    5.258071] VFS: Dquot-cache hash table entries: 512 (order 0, 4096 bytes)
[    5.319971] squashfs: version 4.0 (2009/01/31) Phillip Lougher
[    5.341213] fuse init (API version 7.23)
[    5.350114] Key type big_key registered
[    5.370182] Allocating IMA MOK and blacklist keyrings.
[    5.380478] Key type asymmetric registered
[    5.399969] Asymmetric key parser 'x509' registered
[    5.401463] Block layer SCSI generic (bsg) driver version 0.4 loaded (major 249)
[    5.410840] io scheduler noop registered
[    5.421767] io scheduler deadline registered (default)
[    5.423392] io scheduler cfq registered
[    5.426166] pci_hotplug: PCI Hot Plug PCI Core version: 0.5
[    5.429194] pciehp: PCI Express Hot Plug Controller Driver version: 0.4
[    5.431156] ACPI: AC Adapter [AC] (on-line)
[    5.450618] input: Power Button as /devices/LNXSYSTM:00/LNXPWRBN:00/input/input0
[    5.484015] ACPI: Power Button [PWRF]
[    5.496057] input: Sleep Button as /devices/LNXSYSTM:00/LNXSLPBN:00/input/input1
[    5.529127] ACPI: Sleep Button [SLPF]
[    5.583065] ACPI: Battery Slot [BAT0] (battery present)
[    5.598054] GHES: HEST is not enabled!
[    5.606996] Serial: 8250/16550 driver, 32 ports, IRQ sharing enabled
[    5.659460] 00:02: ttyS0 at I/O 0x3f8 (irq = 4, base_baud = 115200) is a 16550A
[    5.682571] Linux agpgart interface v0.103
[    5.711224] loop: module loaded
[    5.736843] scsi host0: ata_piix
[    5.774404] scsi host1: ata_piix
[    5.790116] ata1: PATA max UDMA/33 cmd 0x1f0 ctl 0x3f6 bmdma 0xd000 irq 14
[    5.820230] ata2: PATA max UDMA/33 cmd 0x170 ctl 0x376 bmdma 0xd008 irq 15
[    5.856101] libphy: Fixed MDIO Bus: probed
[    5.860090] tun: Universal TUN/TAP device driver, 1.6
[    5.870304] tun: (C) 1999-2004 Max Krasnyansky <maxk@qualcomm.com>
[    5.899691] PPP generic driver version 2.4.2
[    5.928292] ehci_hcd: USB 2.0 'Enhanced' Host Controller (EHCI) Driver
[    5.981989] ehci-pci: EHCI PCI platform driver
[    5.996619] ehci-platform: EHCI generic platform driver
[    6.001901] ohci_hcd: USB 1.1 'Open' Host Controller (OHCI) Driver
[    6.006876] ohci-pci: OHCI PCI platform driver
[    6.008478] ohci-platform: OHCI generic platform driver
[    6.018238] uhci_hcd: USB Universal Host Controller Interface driver
[    6.022247] i8042: PNP: PS/2 Controller [PNP0303:PS2K,PNP0f03:PS2M] at 0x60,0x64 irq 1,12
[    6.026433] serio: i8042 KBD port at 0x60,0x64 irq 1
[    6.050061] serio: i8042 AUX port at 0x60,0x64 irq 12
[    6.070462] mousedev: PS/2 mouse device common for all mice
[    6.088231] rtc_cmos rtc_cmos: rtc core: registered rtc_cmos as rtc0
[    6.108666] rtc_cmos rtc_cmos: alarms up to one day, 114 bytes nvram
[    6.123818] tsc: Refined TSC clocksource calibration: 2304.133 MHz
[    6.123820] clocksource: tsc: mask: 0xffffffffffffffff max_cycles: 0x2136758bef3, max_idle_ns: 440795235216 ns
[    6.171137] input: AT Translated Set 2 keyboard as /devices/platform/i8042/serio0/input/input2
[    6.480192] i2c /dev entries driver
[    6.484327] device-mapper: uevent: version 1.0.3
[    6.489576] device-mapper: ioctl: 4.34.0-ioctl (2015-10-28) initialised: dm-devel@redhat.com
[    6.494290] ledtrig-cpu: registered to indicate activity on CPUs
[    6.497996] NET: Registered protocol family 10
[    6.552419] NET: Registered protocol family 17
[    6.567684] Key type dns_resolver registered
[    6.580683] microcode: CPU0 sig=0x406e3, pf=0x2, revision=0x0
[    6.838747] microcode: CPU1 sig=0x406e3, pf=0x2, revision=0x0
[    6.878852] microcode: Microcode Update Driver: v2.01 <tigran@aivazian.fsnet.co.uk>, Peter Oruba
[    6.916916] registered taskstats version 1
[    6.924167] Loading compiled-in X.509 certificates
[    6.928046] Loaded X.509 cert 'Build time autogenerated kernel key: 4c603087bab8f0a02cb3b4e1fb4c40f507e71ef1'
[    6.932132] zswap: loaded using pool lzo/zbud
[    6.943855] Key type trusted registered
[    6.965993] Key type encrypted registered
[    6.973126] AppArmor: AppArmor sha1 policy hashing enabled
[    6.976411] ima: No TPM chip found, activating TPM-bypass!
[    6.980917] evm: HMAC attrs: 0x1
[    6.992176]   Magic number: 6:620:596
[    7.007529] rtc_cmos rtc_cmos: setting system clock to 2018-02-08 19:35:11 UTC (1518118511)
[    7.035457] BIOS EDD facility v0.16 2004-Jun-25, 0 devices found
[    7.055887] EDD information not available.
[    7.066591] Freeing unused kernel memory: 1508K
[    7.084229] Write protecting the kernel read-only data: 14336k
[    7.091446] Freeing unused kernel memory: 1728K
[    7.130043] Freeing unused kernel memory: 108K
Loading, please wait...
[    7.159259] random: systemd-udevd: uninitialized urandom read (16 bytes read, 5 bits of entropy available)
starting version 229
[    7.160383] random: udevadm: uninitialized urandom read (16 bytes read, 5 bits of entropy available)
[    7.160417] random: udevadm: uninitialized urandom read (16 bytes read, 5 bits of entropy available)
[    7.177369] random: systemd-udevd: uninitialized urandom read (16 bytes read, 5 bits of entropy available)
[    7.177771] random: udevadm: uninitialized urandom read (16 bytes read, 5 bits of entropy available)
[    7.177847] random: udevadm: uninitialized urandom read (16 bytes read, 5 bits of entropy available)
[    7.178111] random: udevadm: uninitialized urandom read (16 bytes read, 5 bits of entropy available)
[    7.178214] random: udevadm: uninitialized urandom read (16 bytes read, 5 bits of entropy available)
[    7.178315] random: udevadm: uninitialized urandom read (16 bytes read, 5 bits of entropy available)
[    7.178418] random: udevadm: uninitialized urandom read (16 bytes read, 5 bits of entropy available)
[    7.266947] e1000: Intel(R) PRO/1000 Network Driver - version 7.3.21-k8-NAPI
[    7.319724] e1000: Copyright (c) 1999-2006 Intel Corporation.
[    7.387346] Fusion MPT base driver 3.04.20
[    7.479437] Copyright (c) 1999-2008 LSI Corporation
[    7.560317] Fusion MPT SPI Host driver 3.04.20
[    7.638579] AVX version of gcm_enc/dec engaged.
[    7.645003] AES CTR mode by8 optimization enabled
[    7.758133] input: ImExPS/2 Generic Explorer Mouse as /devices/platform/i8042/serio1/input/input4
[    7.932104] e1000 0000:00:03.0 eth0: (PCI:33MHz:32-bit) 02:38:07:4c:82:85
[    7.950283] e1000 0000:00:03.0 eth0: Intel(R) PRO/1000 Network Connection
[    8.300636] e1000 0000:00:08.0 eth1: (PCI:33MHz:32-bit) 08:00:27:af:9b:76
[    8.309418] e1000 0000:00:08.0 eth1: Intel(R) PRO/1000 Network Connection
[    8.313122] e1000 0000:00:08.0 enp0s8: renamed from eth1
[    8.359960] mptbase: ioc0: Initiating bringup
[    8.376063] e1000 0000:00:03.0 enp0s3: renamed from eth0
[    8.449134] ioc0: LSI53C1030 A0: Capabilities={Initiator}
[    8.676027] scsi host2: ioc0: LSI53C1030 A0, FwRev=00000000h, Ports=1, MaxQ=256, IRQ=20
[    8.935430] scsi 2:0:0:0: Direct-Access     VBOX     HARDDISK         1.0  PQ: 0 ANSI: 5
[    8.991795] scsi target2:0:0: Beginning Domain Validation
[    9.012084] scsi target2:0:0: Domain Validation skipping write tests
[    9.016213] scsi target2:0:0: Ending Domain Validation
[    9.017412] scsi target2:0:0: asynchronous
[    9.018880] scsi 2:0:1:0: Direct-Access     VBOX     HARDDISK         1.0  PQ: 0 ANSI: 5
[    9.204921] scsi target2:0:1: Beginning Domain Validation
[    9.268582] scsi target2:0:1: Domain Validation skipping write tests
[    9.377189] scsi target2:0:1: Ending Domain Validation
[    9.492841] scsi target2:0:1: asynchronous
[    9.504688] sd 2:0:0:0: Attached scsi generic sg0 type 0
[    9.533624] sd 2:0:0:0: [sda] 20971520 512-byte logical blocks: (10.7 GB/10.0 GiB)
[    9.553979] sd 2:0:0:0: [sda] Write Protect is off
[    9.618648] sd 2:0:1:0: Attached scsi generic sg1 type 0
[    9.624156] sd 2:0:1:0: [sdb] 20480 512-byte logical blocks: (10.5 MB/10.0 MiB)
[    9.628992] sd 2:0:0:0: [sda] Incomplete mode parameter data
[    9.628994] sd 2:0:0:0: [sda] Assuming drive cache: write through
[    9.629886]  sda: sda1
[    9.630349] sd 2:0:0:0: [sda] Attached SCSI disk
[    9.662851] sd 2:0:1:0: [sdb] Write Protect is off
[    9.664014] sd 2:0:1:0: [sdb] Incomplete mode parameter data
[    9.665085] sd 2:0:1:0: [sdb] Assuming drive cache: write through
[    9.668747] sd 2:0:1:0: [sdb] Attached SCSI disk
[   10.368357] floppy0: no floppy controllers found
Begin: Loading e[   11.891145] md: linear personality registered for level -1
ssential drivers[   12.020084] md: multipath personality registered for level -4
 ... [   12.074019] md: raid0 personality registered for level 0
[   12.102113] md: raid1 personality registered for level 1
[   12.191686] raid6: sse2x1   gen()  5634 MB/s
[   12.290107] raid6: sse2x1   xor()  4506 MB/s
[   12.419051] raid6: sse2x2   gen()  8403 MB/s
[   12.489038] raid6: sse2x2   xor()  5625 MB/s
[   12.563764] raid6: sse2x4   gen()  9000 MB/s
[   12.675883] raid6: sse2x4   xor()  5418 MB/s
[   12.723860] raid6: using algorithm sse2x4 gen() 9000 MB/s
[   12.750132] raid6: .... xor() 5418 MB/s, rmw enabled
[   12.763848] raid6: using ssse3x2 recovery algorithm
[   12.805075] xor: automatically using best checksumming function:
[   12.851724]    avx       : 12102.000 MB/sec
[   12.863630] async_tx: api initialized (async)
[   12.888206] md: raid6 personality registered for level 6
[   12.910050] md: raid5 personality registered for level 5
[   12.911075] md: raid4 personality registered for level 4
[   12.918657] md: raid10 personality registered for level 10
done.
Begin: Running /scripts/init-premount ... done.
Begin: Mounting root file system ... Begin: Running /scripts/local-top ... done.
Begin: Running /scripts/local-[   13.013620] Btrfs loaded
premount ... Scanning for Btrfs filesystems
done.
Warning: fsck not present, so skipping root file system
[   13.063981] EXT4-fs (sda1): mounted filesystem with ordered data mode. Opts: (null)
done.
Begin: Running /scripts/local-bottom ... done.
Begin: Running /scripts/init-bottom ... done.
[   13.225185] systemd[1]: systemd 229 running in system mode. (+PAM +AUDIT +SELINUX +IMA +APPARMOR +SMACK +SYSVINIT +UTMP +LIBCRYPTSETUP +GCRYPT +GNUTLS +ACL +XZ -LZ4 +SECCOMP +BLKID +ELFUTILS +KMOD -IDN)
[   13.272727] systemd[1]: Detected virtualization oracle.
[   13.273873] systemd[1]: Detected architecture x86-64.

Welcome to [1mUbuntu 16.04.3 LTS[0m!

[   13.278913] systemd[1]: Set hostname to <phpup>.
[   13.462335] systemd[1]: Listening on Device-mapper event daemon FIFOs.
[[0;32m  OK  [0m] Listening on Device-mapper event daemon FIFOs.
[   13.491517] systemd[1]: Reached target User and Group Name Lookups.
[[0;32m  OK  [0m] Reached target User and Group Name Lookups.
[   13.495107] systemd[1]: Listening on Journal Socket (/dev/log).
[[0;32m  OK  [0m] Listening on Journal Socket (/dev/log).
[   13.501547] systemd[1]: Listening on /dev/initctl Compatibility Named Pipe.
[[0;32m  OK  [0m] Listening on /dev/initctl Compatibility Named Pipe.
[   13.504025] systemd[1]: Started Trigger resolvconf update for networkd DNS.
[[0;32m  OK  [0m] Started Trigger resolvconf update for networkd DNS.
[   13.508937] systemd[1]: Created slice User and Session Slice.
[[0;32m  OK  [0m] Created slice User and Session Slice.
[   13.548097] systemd[1]: Reached target Encrypted Volumes.
[[0;32m  OK  [0m] Reached target Encrypted Volumes.
[   13.984027] systemd[1]: Listening on udev Kernel Socket.
[[0;32m  OK  [0m] Listening on udev Kernel Socket.
[   14.016740] systemd[1]: Listening on LVM2 metadata daemon socket.
[[0;32m  OK  [0m] Listening on LVM2 metadata daemon socket.
[   14.100073] systemd[1]: Reached target Swap.
[[0;32m  OK  [0m] Reached target Swap.
[   14.192432] systemd[1]: Listening on Journal Audit Socket.
[[0;32m  OK  [0m] Listening on Journal Audit Socket.
[   14.244390] systemd[1]: Listening on Journal Socket.
[[0;32m  OK  [0m] Listening on Journal Socket.
[   14.281940] systemd[1]: Listening on Syslog Socket.
[[0;32m  OK  [0m] Listening on Syslog Socket.
[   14.290768] systemd[1]: Started Forward Password Requests to Wall Directory Watch.
[[0;32m  OK  [0m] Started Forward Password Requests to Wall Directory Watch.
[   14.304435] systemd[1]: Set up automount Arbitrary Executable File Formats File System Automount Point.
[[0;32m  OK  [0m] Set up automount Arbitrary Executab...ats File System Automount Point.
[   14.380252] systemd[1]: Listening on udev Control Socket.
[[0;32m  OK  [0m] Listening on udev Control Socket.
[   14.394158] systemd[1]: Created slice System Slice.
[[0;32m  OK  [0m] Created slice System Slice.
[   14.416078] systemd[1]: Starting Set console keymap...
         Starting Set console keymap...
[   14.476265] systemd[1]: Starting Remount Root and Kernel File Systems...
         Starting Remount Root and Kernel File Systems...
[   14.511180] EXT4-fs (sda1): re-mounted. Opts: (null)
[   14.656741] systemd[1]: Starting Nameserver information manager...
         Starting Nameserver information manager...
[   14.677210] systemd[1]: Created slice system-serial\x2dgetty.slice.
[[0;32m  OK  [0m] Created slice system-serial\x2dgetty.slice.
[   14.683416] systemd[1]: Starting Create list of required static device nodes for the current kernel...
         Starting Create list of required st... nodes for the current kernel...
[   14.697476] systemd[1]: Mounting Debug File System...
         Mounting Debug File System...
[   14.762697] systemd[1]: Starting Monitoring of LVM2 mirrors, snapshots etc. using dmeventd or progress polling...
[   14.763885] random: nonblocking pool is initialized
         Starting Monitoring of LVM2 mirrors... dmeventd or progress polling...
[   14.968003] systemd[1]: Reached target Slices.
[[0;32m  OK  [0m] Reached target Slices.
[   15.000196] systemd[1]: Mounting POSIX Message Queue File System...
         Mounting POSIX Message Queue File System...
[   15.044545] systemd[1]: Starting Journal Service...
         Starting Journal Service...
[   15.077740] systemd[1]: Mounting Huge Pages File System...
         Mounting Huge Pages File System...
[   15.110111] systemd[1]: Starting Uncomplicated firewall...
         Starting Uncomplicated firewall...
[   15.175246] systemd[1]: Starting Load Kernel Modules...
         Startin[   15.201439] Loading iSCSI transport class v2.0-870.
g Load Kernel Modules...
[   15.264812] systemd[1]: Listening on LVM2 poll daemon socket.
[[0;32m  OK  [0m] Listening on LVM2 poll daemon socket.
[   15.324370] iscsi: registered transport (tcp)
[   15.341158] systemd[1]: Mounted POSIX Message Queue File System.
[[0;32m  OK  [0m] Mounted POSI[   15.368266] iscsi: registered transport (iser)
X Message Queue File System.
[   15.414068] systemd[1]: Mounted Huge Pages File System.
[[0;32m  OK  [0m] Mounted Huge Pages File System.
[   15.416571] systemd[1]: Mounted Debug File System.
[[0;32m  OK  [0m] Mounted Debug File System.
[   15.420723] systemd[1]: Started Journal Service.
[[0;32m  OK  [0m] Started Journal Service.
[[0;32m  OK  [0m] Started Set console keymap.
[[0;32m  OK  [0m] Started Remount Root and Kernel File Systems.
[[0;32m  OK  [0m] Started Create list of required sta...ce nodes for the current kernel.
[[0;32m  OK  [0m] Started Uncomplicated firewall.
[[0;32m  OK  [0m] Started Load Kernel Modules.
[[0;32m  OK  [0m] Started Nameserver information manager.
[[0;32m  OK  [0m] Started LVM2 metadata daemon.
         Starting Apply Kernel Variables...
         Mounting FUSE Control File System...
         Starting Create Static Device Nodes in /dev...
         Starting Initial cloud-init job (pre-networking)...
         Starting Load/Save Random Seed...
         Starting udev Coldplug all Devices...
         Starting Flush Journal to Persistent Storage...
[[0;32m  OK  [0m] Mounted FUSE Control File System.
[[0;32m  OK  [0m] Started Monitoring of LVM2 mirrors,...ng dmeventd or progress polling.
[[0;32m  OK  [0m] Started Apply Kernel Variables.
[[0;32m  OK  [0m] Started Create Static Device Nodes in /dev.
[[0;32m  OK  [0m] Started Load/Save Random Seed.
[[0;32m  OK  [0m] Started Flush Journal to Persistent Storage.
         Starting udev Kernel Device Manager...
[[0;32m  OK  [0m] Started udev Coldplug all Devices.
[[0;32m  OK  [0m] Started udev Kernel Device Manager.
[[0;32m  OK  [0m] Reached target Local File Systems (Pre).
[[0;32m  OK  [0m] Reached target Local File Systems.
         Starting LSB: AppArmor initialization...
         Starting Tell Plymouth To Write Out Runtime Data...
         Starting Set console font and keymap...
         Starting Create Volatile Files and Directories...
[[0;32m  OK  [0m] Started Dispatch Password Requests to Console Directory Watch.
[[0;32m  OK  [0m] Started Tell Plymouth To Write Out Runtime Data.
[[0;32m  OK  [0m] Started Create Volatile Files and Directories.
[[0;32m  OK  [0m] Found device /dev/ttyS0.
         Starting Update UTMP about System Boot/Shutdown...
[[0;32m  OK  [0m] Reached target System Time Synchronized.
[[0;32m  OK  [0m] Started LSB: AppArmor initialization.
[[0;32m  OK  [0m] Started Set console font and keymap.
[   13.486499] cloud-init[462]: Cloud-init v. 17.1 running 'init-local' at Thu, 08 Feb 2018 19:35:21 +0000. Up 12.78 seconds.
[[0;32m  OK  [0m] Started Initial cloud-init job (pre-networking).
[[0;32m  OK  [0m] Started Update UTMP about System Boot/Shutdown.
[[0;32m  OK  [0m] Listening on Load/Save RF Kill Switch Status /dev/rfkill Watch.
[[0;32m  OK  [0m] Reached target Network (Pre).
[[0;32m  OK  [0m] Started ifup for enp0s3.
[[0;32m  OK  [0m] Started ifup for enp0s8.
[[0;32m  OK  [0m] Created slice system-getty.slice.
         Starting Raise network interfaces...
[[0;32m  OK  [0m] Started Raise network interfaces.
         Starting Initial cloud-init job (metadata service crawler)...
[[0;32m  OK  [0m] Reached target Network.
[   16.962656] cloud-init[1074]: Cloud-init v. 17.1 running 'init' at Thu, 08 Feb 2018 19:35:24 +0000. Up 16.33 seconds.
[   17.048767] cloud-init[1074]: ci-info: ++++++++++++++++++++++++++++++++++++++Net device info++++++++++++++++++++++++++++++++++++++
[   17.199216] cloud-init[1074]: ci-info: +--------+------+-----------------------------+---------------+-------+-------------------+
[[0;32m  OK  [0m[   17.208484] cloud-init[1074]: ci-info: | Device |  Up  |           Address           |      Mask     | Scope |     Hw-Address    |
[   17.209003] cloud-init[1074]: ci-info: +--------+------+-----------------------------+---------------+-------+-------------------+
[   17.209230] cloud-init[1074]: ci-info: | enp0s3 | True |          10.0.2.15          | 255.255.255.0 |   .   | 02:38:07:4c:82:85 |
[   17.209455] cloud-init[1074]: ci-info: | enp0s3 | True |  fe80::38:7ff:fe4c:8285/64  |       .       |  link | 02:38:07:4c:82:85 |
[   17.209653] cloud-init[1074]: ci-info: | enp0s8 | True |        192.168.56.121       | 255.255.255.0 |   .   | 08:00:27:af:9b:76 |
[   17.209864] cloud-init[1074]: ci-info: | enp0s8 | True | fe80::a00:27ff:feaf:9b76/64 |       .       |  link | 08:00:27:af:9b:76 |
[   17.210172] cloud-init[1074]: ci-info: |   lo   | True |          127.0.0.1          |   255.0.0.0   |   .   |         .         |
[   17.210390] cloud-init[1074]: ci-info: |   lo   | True |           ::1/128           |       .       |  host |         .         |
[   17.210592] cloud-init[1074]: ci-info: +--------+------+-----------------------------+---------------+-------+-------------------+
[   17.210794] cloud-init[1074]: ci-info: ++++++++++++++++++++++++++++Route IPv4 info++++++++++++++++++++++++++++
] Started Initial cloud-init job (metadata service crawler).
[   17.213006] cloud-init[1074]: ci-info: +-------+--------------+----------+---------------+-----------+-------+
[   17.353888] cloud-init[1074]: ci-info: | Route | Destination  | Gateway  |    Genmask    | Interface | Flags |[[0;32m  OK  [0m] Reached target System Initialization.

[   17.360495] cloud-init[1074]: ci-info: +-------+--------------+----------+---------------+-----------+-------+
[   17.363749] cloud-init[1074]: [[0;32m  OK  [0m] Started ACPI Events Check.
[[0;32m  OK  [0mci-info: |   0   |   0.0.0.0    | 10.0.2.2 |    0.0.0.0    |   enp0s3  |   UG  |
[   17.370515] cloud-init[1074]: ci-info: |   1   |   10.0.2.0   | 0.0.0.0  | 255.255.255.0 |   enp0s3  |   U   |] Reached target Paths.

[   17.388363] cloud-init[1074]: ci-info: |   2   | 192.168.56.0 | 0.0.0.0  | 255.255.255.0 |   enp0s8  |   U   |
[   17.391983]          Starting Socket activation for snappy daemon.
cloud-init[1074]: ci-info: +-------+--------------+----------+---------------+-----------+-------+
[[0;32m  OK  [0m] Listening on D-Bus System Message Bus Socket.
[[0;32m  OK  [0m] Listening on UUID daemon activation socket.
[[0;32m  OK  [0m] Started Timer to automatically refresh installed snaps.
[[0;32m  OK  [0m] Started Clean PHP session files every 30 mins.
         Starting LXD - unix socket.
[[0;32m  OK  [0m] Listening on ACPID Listen Socket.
[[0;32m  OK  [0m] Started Daily Cleanup of Temporary Directories.
[[0;32m  OK  [0m] Reached target Cloud-config availability.
[[0;32m  OK  [0m] Reached target Network is Online.
[[0;32m  OK  [0m] Started Daily apt download activities.
[[0;32m  OK  [0m] Started Daily apt upgrade and clean activities.
[[0;32m  OK  [0m] Reached target Timers.
         Starting iSCSI initiator daemon (iscsid)...
[[0;32m  OK  [0m] Listening on Socket activation for snappy daemon.
[[0;32m  OK  [0m] Listening on LXD - unix socket.
[[0;32m  OK  [0m] Reached target Sockets.
[[0;32m  OK  [0m] Reached target Basic System.
         Starting vboxadd-x11.service...
         Starting Login Service...
[[0;32m  OK  [0m] Started Deferred execution scheduler.
         Starting OpenBSD Secure Shell server...
         Starting MySQL Community Server...
         Starting A high performance web server and a reverse proxy server...
         Starting System Logging Service...
[[0;32m  OK  [0m] Started FUSE filesystem for LXC.
         Starting Apply the settings specified in cloud-config...
[[0;32m  OK  [0m] Started ACPI event daemon.
         Starting /etc/rc.local Compatibility...
         Starting Clean php session files...
[[0;32m  OK  [0m] Started Regular background program processing daemon.
         Starting vboxadd.service...
[[0;32m  OK  [0m] Started Unattended Upgrades Shutdown.
         Starting Snappy daemon...
         Starting LXD - container startup/shutdown...
         Starting Accounts Service...
[[0;32m  OK  [0m] Started D-Bus System Message Bus.
         Starting LSB: MD monitoring daemon...
         Starting The PHP 7.0 FastCGI Process Manager...
         Starting LSB: Record successful boot for GRUB...
[[0;32m  OK  [0m] Started System Logging Service.
[[0;32m  OK  [0m] Started OpenBSD Secure Shell server.
[[0;32m  OK  [0m] Started Snappy daemon.
[[0;32m  OK  [0m] Started vboxadd-x11.service.
[[0;32m  OK  [0m] Started /etc/rc.local Compatibility.
[[0;32m  OK  [0m] Started LXD - container startup/shutdown.
[[0;32m  OK  [0m] Started iSCSI initiator daemon (iscsid).
[[0;32m  OK  [0m] Started A high performance web server and a reverse proxy server.
[[0;32m  OK  [0m] Started LSB: MD monitoring daemon.
[[0;32m  OK  [0m] Started LSB: Record successful boot for GRUB.
[[0;32m  OK  [0m] Started Login Service.
         Starting Authenticate and Authorize Users to Run Privileged Tasks...
         Starting Login to default iSCSI targets...
[[0;32m  OK  [0m] Started Authenticate and Authorize Users to Run Privileged Tasks.
[[0;32m  OK  [0m] Started Accounts Service.
[[0;32m  OK  [0m] Started The PHP 7.0 FastCGI Process Manager.
[[0;32m  OK  [0m] Started Login to default iSCSI targets.
[[0;32m  OK  [0m] Reached target Remote File Systems (Pre).
[[0;32m  OK  [0m] Reached target Remote File Systems.
         Starting LSB: automatic crash report generation...
         Starting Permit User Sessions...
         Starting LSB: Set the CPU Frequency Scaling governor to "ondemand"...
         Starting LSB: daemon to balance interrupts for SMP systems...
[[0;32m  OK  [0m] Started Permit User Sessions.
[[0;32m  OK  [0m] Created slice User Slice of vagrant.
         Starting User Manager for UID 1000...
[[0;32m  OK  [0m] Started Session 1 of user vagrant.
         Starting Terminate Plymouth Boot Screen...
         Starting Hold until boot process finishes up...
[[0;32m  OK  [0m] Started User Manager for UID 1000.
[[0;32m  OK  [0m] Started Clean php session files.
[[0;32m  OK  [0m] Started vboxadd.service.
[[0;32m  OK  [0m] Started LSB: automatic crash report generation.
[[0;32m  OK  [0m] Started LSB: Set the CPU Frequency Scaling governor to "ondemand".
[[0;32m  OK  [0m] Started LSB: daemon to balance interrupts for SMP systems.
[[0;32m  OK  [0m] Started Terminate Plymouth Boot Screen.
[[0;32m  OK  [0m] Started Hold until boot process finishes up.
[[0;32m  OK  [0m] Started Apply the settings specified in cloud-config.
[   20.478996] cloud-init[1144]: Cloud-init v. 17.1 running 'modules:config' at Thu, 08 Feb 2018 19:35:28 +0000. Up 20.17 seconds.
[[0;32m  OK  [0m] Started Getty on tty1.
[[0;32m  OK  [0m] Started Serial Getty on ttyS0.
[[0;32m  OK  [0m] Reached target Login Prompts.
         Starting Set console scheme...
         Starting vboxadd-service.service...
[[0;32m  OK  [0m] Started Set console scheme.
[[0;32m  OK  [0m] Started vboxadd-service.service.
[[0;32m  OK  [0m] Started MySQL Community Server.
[[0;32m  OK  [0m] Reached target Multi-User System.
[[0;32m  OK  [0m] Reached target Graphical Interface.
         Starting Update UTMP about System Runlevel Changes...
         Starting Execute cloud user/final scripts...
[[0;32m  OK  [0m] Started Update UTMP about System Runlevel Changes.
[   22.037879] cloud-init[1575]: Cloud-init v. 17.1 running 'modules:final' at Thu, 08 Feb 2018 19:35:30 +0000. Up 21.87 seconds.
[   22.046586] cloud-init[1575]: Cloud-init v. 17.1 finished at Thu, 08 Feb 2018 19:35:30 +0000. Datasource DataSourceNoCloud [seed=/dev/sdb][dsmode=net].  Up 22.03 seconds
[[0;32m  OK  [0m] Started Execute cloud user/final scripts.
[[0;32m  OK  [0m] Reached target Cloud-init target.

Ubuntu 16.04.3 LTS phpup ttyS0

phpup login: 